<?xml version="1.0" encoding="UTF-8"?>
<!-- Generated by org.testng.reporters.JUnitReportReporter -->
<testsuite skipped="0" hostname="DESKTOP-61LCEGE" name="extentReportPkg.FirstClassMavenWitReport" tests="3" failures="0" timestamp="15 Sep 2019 12:31:37 GMT" time="42.277" errors="0">
  <testcase name="login" time="14.021" classname="extentReportPkg.FirstClassMavenWitReport"/>
  <testcase name="login" time="14.608" classname="extentReportPkg.FirstClassMavenWitReport"/>
  <testcase name="login" time="13.648" classname="extentReportPkg.FirstClassMavenWitReport"/>
</testsuite> <!-- extentReportPkg.FirstClassMavenWitReport -->
