<?xml version="1.0" encoding="UTF-8"?>
<!-- Generated by org.testng.reporters.JUnitReportReporter -->
<testsuite skipped="0" hostname="DESKTOP-61LCEGE" name="firstOfMaven.FirstClassMaven" tests="3" failures="0" timestamp="15 Sep 2019 12:02:43 GMT" time="38.138" errors="0">
  <testcase name="login" time="14.319" classname="firstOfMaven.FirstClassMaven"/>
  <testcase name="login" time="11.241" classname="firstOfMaven.FirstClassMaven"/>
  <testcase name="login" time="12.578" classname="firstOfMaven.FirstClassMaven"/>
</testsuite> <!-- firstOfMaven.FirstClassMaven -->
